<?xml version="1.0" encoding="UTF-8"?>
<!-- Generated by org.testng.reporters.JUnitReportReporter -->
<testsuite hostname="WACPT093" name="Tests.Test_todolistFunctions" tests="1" failures="0" timestamp="28 Aug 2019 15:36:29 GMT" time="4.255" errors="0">
  <testcase name="loginTestPom" time="4.255" classname="Tests.Test_todolistFunctions"/>
</testsuite> <!-- Tests.Test_todolistFunctions -->
