<?xml version="1.0" encoding="UTF-8"?>
<!-- Generated by org.testng.reporters.JUnitReportReporter -->
<testsuite skipped="0" hostname="WACPT093" name="QEtodolist.TestingQEtodolist.Test_todolistFunctions" tests="1" failures="0" timestamp="28 Aug 2019 15:48:40 GMT" time="4.280" errors="0">
  <testcase name="loginTestPom" time="4.280" classname="QEtodolist.TestingQEtodolist.Test_todolistFunctions"/>
</testsuite> <!-- QEtodolist.TestingQEtodolist.Test_todolistFunctions -->
